{"/home/james/dev_projects/react/rick-and-morty/src/components/status-badge/index.tsx": {"path":"/home/james/dev_projects/react/rick-and-morty/src/components/status-badge/index.tsx","statementMap":{"0":{"start":{"line":1,"column":0},"end":{"line":1,"column":36}},"1":{"start":{"line":3,"column":0},"end":{"line":3,"column":30}},"2":{"start":{"line":10,"column":22},"end":{"line":28,"column":14}},"3":{"start":{"line":11,"column":16},"end":{"line":11,"column":18}},"4":{"start":{"line":13,"column":4},"end":{"line":25,"column":null}},"5":{"start":{"line":15,"column":8},"end":{"line":15,"column":26}},"6":{"start":{"line":16,"column":8},"end":{"line":16,"column":14}},"7":{"start":{"line":18,"column":8},"end":{"line":18,"column":26}},"8":{"start":{"line":19,"column":8},"end":{"line":19,"column":14}},"9":{"start":{"line":21,"column":8},"end":{"line":21,"column":26}},"10":{"start":{"line":22,"column":8},"end":{"line":22,"column":14}},"11":{"start":{"line":24,"column":8},"end":{"line":24,"column":14}},"12":{"start":{"line":27,"column":4},"end":{"line":27,"column":17}},"13":{"start":{"line":30,"column":2},"end":{"line":35,"column":4}},"14":{"start":{"line":9,"column":0},"end":{"line":9,"column":16}}},"fnMap":{"0":{"name":"StatusBadge","decl":{"start":{"line":9,"column":16},"end":{"line":9,"column":27}},"loc":{"start":{"line":9,"column":56},"end":{"line":36,"column":1}}},"1":{"name":"(anonymous_1)","decl":{"start":{"line":10,"column":34},"end":{"line":10,"column":45}},"loc":{"start":{"line":10,"column":47},"end":{"line":28,"column":3}}}},"branchMap":{"0":{"loc":{"start":{"line":13,"column":4},"end":{"line":25,"column":null}},"type":"switch","locations":[{"start":{"line":14,"column":6},"end":{"line":16,"column":14}},{"start":{"line":17,"column":6},"end":{"line":19,"column":14}},{"start":{"line":20,"column":6},"end":{"line":22,"column":14}},{"start":{"line":23,"column":6},"end":{"line":24,"column":14}}]}},"s":{"0":1,"1":1,"2":3,"3":3,"4":3,"5":1,"6":1,"7":1,"8":1,"9":1,"10":1,"11":0,"12":3,"13":3,"14":1},"f":{"0":3,"1":3},"b":{"0":[1,1,1,0]}}
,"/home/james/dev_projects/react/rick-and-morty/src/components/status-badge/styles.tsx": {"path":"/home/james/dev_projects/react/rick-and-morty/src/components/status-badge/styles.tsx","statementMap":{"0":{"start":{"line":1,"column":0},"end":{"line":1,"column":39}},"1":{"start":{"line":3,"column":13},"end":{"line":26,"column":2}},"2":{"start":{"line":13,"column":29},"end":{"line":13,"column":46}},"3":{"start":{"line":24,"column":24},"end":{"line":24,"column":41}}},"fnMap":{"0":{"name":"(anonymous_0)","decl":{"start":{"line":13,"column":18},"end":{"line":13,"column":19}},"loc":{"start":{"line":13,"column":29},"end":{"line":13,"column":46}}},"1":{"name":"(anonymous_1)","decl":{"start":{"line":24,"column":13},"end":{"line":24,"column":14}},"loc":{"start":{"line":24,"column":24},"end":{"line":24,"column":41}}}},"branchMap":{},"s":{"0":1,"1":1,"2":3,"3":3},"f":{"0":3,"1":3},"b":{}}
,"/home/james/dev_projects/react/rick-and-morty/src/components/ui/custom-button/index.tsx": {"path":"/home/james/dev_projects/react/rick-and-morty/src/components/ui/custom-button/index.tsx","statementMap":{"0":{"start":{"line":1,"column":0},"end":{"line":1,"column":30}},"1":{"start":{"line":14,"column":2},"end":{"line":18,"column":4}},"2":{"start":{"line":15,"column":54},"end":{"line":15,"column":69}},"3":{"start":{"line":9,"column":0},"end":{"line":9,"column":16}}},"fnMap":{"0":{"name":"CustomButton","decl":{"start":{"line":9,"column":16},"end":{"line":9,"column":28}},"loc":{"start":{"line":13,"column":20},"end":{"line":19,"column":1}}},"1":{"name":"(anonymous_1)","decl":{"start":{"line":15,"column":48},"end":{"line":15,"column":51}},"loc":{"start":{"line":15,"column":54},"end":{"line":15,"column":69}}}},"branchMap":{},"s":{"0":1,"1":3,"2":1,"3":1},"f":{"0":3,"1":1},"b":{}}
,"/home/james/dev_projects/react/rick-and-morty/src/components/ui/custom-button/styles.ts": {"path":"/home/james/dev_projects/react/rick-and-morty/src/components/ui/custom-button/styles.ts","statementMap":{"0":{"start":{"line":1,"column":0},"end":{"line":1,"column":39}},"1":{"start":{"line":3,"column":13},"end":{"line":26,"column":2}},"2":{"start":{"line":14,"column":4},"end":{"line":14,"column":49}}},"fnMap":{"0":{"name":"(anonymous_0)","decl":{"start":{"line":13,"column":22},"end":{"line":13,"column":23}},"loc":{"start":{"line":14,"column":4},"end":{"line":14,"column":49}}}},"branchMap":{"0":{"loc":{"start":{"line":14,"column":4},"end":{"line":14,"column":49}},"type":"cond-expr","locations":[{"start":{"line":14,"column":28},"end":{"line":14,"column":37}},{"start":{"line":14,"column":40},"end":{"line":14,"column":49}}]}},"s":{"0":1,"1":1,"2":3},"f":{"0":3},"b":{"0":[1,2]}}
,"/home/james/dev_projects/react/rick-and-morty/src/components/ui/custom-input/index.tsx": {"path":"/home/james/dev_projects/react/rick-and-morty/src/components/ui/custom-input/index.tsx","statementMap":{"0":{"start":{"line":1,"column":0},"end":{"line":1,"column":30}},"1":{"start":{"line":16,"column":23},"end":{"line":20,"column":3}},"2":{"start":{"line":17,"column":24},"end":{"line":17,"column":42}},"3":{"start":{"line":19,"column":4},"end":{"line":19,"column":48}},"4":{"start":{"line":19,"column":26},"end":{"line":19,"column":48}},"5":{"start":{"line":22,"column":2},"end":{"line":33,"column":4}},"6":{"start":{"line":10,"column":0},"end":{"line":10,"column":16}}},"fnMap":{"0":{"name":"CustomInput","decl":{"start":{"line":10,"column":16},"end":{"line":10,"column":27}},"loc":{"start":{"line":15,"column":19},"end":{"line":34,"column":1}}},"1":{"name":"(anonymous_1)","decl":{"start":{"line":16,"column":23},"end":{"line":16,"column":24}},"loc":{"start":{"line":16,"column":44},"end":{"line":20,"column":3}}}},"branchMap":{"0":{"loc":{"start":{"line":19,"column":4},"end":{"line":19,"column":48}},"type":"if","locations":[{"start":{"line":19,"column":4},"end":{"line":19,"column":48}}]},"1":{"loc":{"start":{"line":24,"column":7},"end":{"line":24,"column":74}},"type":"binary-expr","locations":[{"start":{"line":24,"column":7},"end":{"line":24,"column":20}},{"start":{"line":24,"column":24},"end":{"line":24,"column":74}}]}},"s":{"0":1,"1":4,"2":1,"3":1,"4":1,"5":4,"6":1},"f":{"0":4,"1":1},"b":{"0":[1],"1":[4,3]}}
,"/home/james/dev_projects/react/rick-and-morty/src/components/ui/custom-input/styles.ts": {"path":"/home/james/dev_projects/react/rick-and-morty/src/components/ui/custom-input/styles.ts","statementMap":{"0":{"start":{"line":1,"column":0},"end":{"line":1,"column":39}},"1":{"start":{"line":3,"column":13},"end":{"line":21,"column":2}}},"fnMap":{},"branchMap":{},"s":{"0":1,"1":1},"f":{},"b":{}}
,"/home/james/dev_projects/react/rick-and-morty/src/settings/constants.ts": {"path":"/home/james/dev_projects/react/rick-and-morty/src/settings/constants.ts","statementMap":{"0":{"start":{"line":1,"column":13},"end":{"line":1,"column":57}},"1":{"start":{"line":3,"column":13},"end":{"line":3,"column":70}},"2":{"start":{"line":4,"column":13},"end":{"line":10,"column":2}}},"fnMap":{},"branchMap":{},"s":{"0":1,"1":1,"2":1},"f":{},"b":{}}
,"/home/james/dev_projects/react/rick-and-morty/src/store/index.ts": {"path":"/home/james/dev_projects/react/rick-and-morty/src/store/index.ts","statementMap":{"0":{"start":{"line":1,"column":0},"end":{"line":1,"column":29}},"1":{"start":{"line":2,"column":0},"end":{"line":2,"column":48}},"2":{"start":{"line":23,"column":29},"end":{"line":79,"column":2}},"3":{"start":{"line":23,"column":75},"end":{"line":79,"column":2}},"4":{"start":{"line":31,"column":32},"end":{"line":31,"column":45}},"5":{"start":{"line":34,"column":22},"end":{"line":34,"column":42}},"6":{"start":{"line":35,"column":4},"end":{"line":35,"column":34}},"7":{"start":{"line":37,"column":4},"end":{"line":37,"column":39}},"8":{"start":{"line":41,"column":4},"end":{"line":44,"column":6}},"9":{"start":{"line":47,"column":4},"end":{"line":47,"column":27}},"10":{"start":{"line":49,"column":17},"end":{"line":49,"column":27}},"11":{"start":{"line":50,"column":20},"end":{"line":50,"column":33}},"12":{"start":{"line":51,"column":46},"end":{"line":51,"column":53}},"13":{"start":{"line":53,"column":27},"end":{"line":57,"column":5}},"14":{"start":{"line":54,"column":6},"end":{"line":56,"column":8}},"15":{"start":{"line":59,"column":33},"end":{"line":59,"column":79}},"16":{"start":{"line":60,"column":30},"end":{"line":62,"column":22}},"17":{"start":{"line":64,"column":4},"end":{"line":77,"column":null}},"18":{"start":{"line":65,"column":23},"end":{"line":65,"column":71}},"19":{"start":{"line":66,"column":6},"end":{"line":66,"column":39}},"20":{"start":{"line":66,"column":24},"end":{"line":66,"column":39}},"21":{"start":{"line":68,"column":29},"end":{"line":68,"column":50}},"22":{"start":{"line":70,"column":6},"end":{"line":74,"column":9}},"23":{"start":{"line":76,"column":6},"end":{"line":76,"column":56}},"24":{"start":{"line":76,"column":32},"end":{"line":76,"column":56}},"25":{"start":{"line":81,"column":13},"end":{"line":82,"column":54}}},"fnMap":{"0":{"name":"(anonymous_0)","decl":{"start":{"line":23,"column":29},"end":{"line":23,"column":30}},"loc":{"start":{"line":23,"column":75},"end":{"line":79,"column":2}}},"1":{"name":"(anonymous_1)","decl":{"start":{"line":31,"column":14},"end":{"line":31,"column":15}},"loc":{"start":{"line":31,"column":32},"end":{"line":31,"column":45}}},"2":{"name":"(anonymous_2)","decl":{"start":{"line":33,"column":17},"end":{"line":33,"column":18}},"loc":{"start":{"line":33,"column":55},"end":{"line":38,"column":3}}},"3":{"name":"(anonymous_3)","decl":{"start":{"line":40,"column":16},"end":{"line":40,"column":19}},"loc":{"start":{"line":41,"column":4},"end":{"line":44,"column":6}}},"4":{"name":"(anonymous_4)","decl":{"start":{"line":46,"column":19},"end":{"line":46,"column":24}},"loc":{"start":{"line":46,"column":30},"end":{"line":78,"column":3}}},"5":{"name":"(anonymous_5)","decl":{"start":{"line":53,"column":27},"end":{"line":53,"column":39}},"loc":{"start":{"line":53,"column":41},"end":{"line":57,"column":5}}}},"branchMap":{"0":{"loc":{"start":{"line":55,"column":8},"end":{"line":55,"column":79}},"type":"binary-expr","locations":[{"start":{"line":55,"column":8},"end":{"line":55,"column":21}},{"start":{"line":55,"column":25},"end":{"line":55,"column":40}},{"start":{"line":55,"column":44},"end":{"line":55,"column":59}},{"start":{"line":55,"column":63},"end":{"line":55,"column":79}}]},"1":{"loc":{"start":{"line":60,"column":30},"end":{"line":62,"column":22}},"type":"cond-expr","locations":[{"start":{"line":61,"column":8},"end":{"line":61,"column":25}},{"start":{"line":62,"column":8},"end":{"line":62,"column":22}}]},"2":{"loc":{"start":{"line":66,"column":6},"end":{"line":66,"column":39}},"type":"if","locations":[{"start":{"line":66,"column":6},"end":{"line":66,"column":39}}]},"3":{"loc":{"start":{"line":76,"column":6},"end":{"line":76,"column":56}},"type":"if","locations":[{"start":{"line":76,"column":6},"end":{"line":76,"column":56}}]}},"s":{"0":1,"1":1,"2":1,"3":1,"4":1,"5":5,"6":5,"7":5,"8":1,"9":1,"10":1,"11":1,"12":1,"13":1,"14":1,"15":1,"16":1,"17":1,"18":1,"19":1,"20":0,"21":0,"22":0,"23":1,"24":0,"25":1},"f":{"0":1,"1":1,"2":5,"3":1,"4":1,"5":1},"b":{"0":[1,1,1,1],"1":[0,1],"2":[0],"3":[0]}}
}
