TN:
SF:src/components/status-badge/index.tsx
FN:9,StatusBadge
FN:10,(anonymous_1)
FNF:2
FNH:2
FNDA:3,StatusBadge
FNDA:3,(anonymous_1)
DA:1,1
DA:3,1
DA:9,1
DA:10,3
DA:11,3
DA:13,3
DA:15,1
DA:16,1
DA:18,1
DA:19,1
DA:21,1
DA:22,1
DA:24,0
DA:27,3
DA:30,3
LF:15
LH:14
BRDA:13,0,0,1
BRDA:13,0,1,1
BRDA:13,0,2,1
BRDA:13,0,3,0
BRF:4
BRH:3
end_of_record
TN:
SF:src/components/status-badge/styles.tsx
FN:13,(anonymous_0)
FN:24,(anonymous_1)
FNF:2
FNH:2
FNDA:3,(anonymous_0)
FNDA:3,(anonymous_1)
DA:1,1
DA:3,1
DA:13,3
DA:24,3
LF:4
LH:4
BRF:0
BRH:0
end_of_record
TN:
SF:src/components/ui/custom-button/index.tsx
FN:9,CustomButton
FN:15,(anonymous_1)
FNF:2
FNH:2
FNDA:3,CustomButton
FNDA:1,(anonymous_1)
DA:1,1
DA:9,1
DA:14,3
DA:15,1
LF:4
LH:4
BRF:0
BRH:0
end_of_record
TN:
SF:src/components/ui/custom-button/styles.ts
FN:13,(anonymous_0)
FNF:1
FNH:1
FNDA:3,(anonymous_0)
DA:1,1
DA:3,1
DA:14,3
LF:3
LH:3
BRDA:14,0,0,1
BRDA:14,0,1,2
BRF:2
BRH:2
end_of_record
TN:
SF:src/components/ui/custom-input/index.tsx
FN:10,CustomInput
FN:16,(anonymous_1)
FNF:2
FNH:2
FNDA:4,CustomInput
FNDA:1,(anonymous_1)
DA:1,1
DA:10,1
DA:16,4
DA:17,1
DA:19,1
DA:22,4
LF:6
LH:6
BRDA:19,0,0,1
BRDA:24,1,0,4
BRDA:24,1,1,3
BRF:3
BRH:3
end_of_record
TN:
SF:src/components/ui/custom-input/styles.ts
FNF:0
FNH:0
DA:1,1
DA:3,1
LF:2
LH:2
BRF:0
BRH:0
end_of_record
TN:
SF:src/settings/constants.ts
FNF:0
FNH:0
DA:1,1
DA:3,1
DA:4,1
LF:3
LH:3
BRF:0
BRH:0
end_of_record
TN:
SF:src/store/index.ts
FN:23,(anonymous_0)
FN:31,(anonymous_1)
FN:33,(anonymous_2)
FN:40,(anonymous_3)
FN:46,(anonymous_4)
FN:53,(anonymous_5)
FNF:6
FNH:6
FNDA:1,(anonymous_0)
FNDA:1,(anonymous_1)
FNDA:5,(anonymous_2)
FNDA:1,(anonymous_3)
FNDA:1,(anonymous_4)
FNDA:1,(anonymous_5)
DA:1,1
DA:2,1
DA:23,1
DA:31,1
DA:34,5
DA:35,5
DA:37,5
DA:41,1
DA:47,1
DA:49,1
DA:50,1
DA:51,1
DA:53,1
DA:54,1
DA:59,1
DA:60,1
DA:64,1
DA:65,1
DA:66,1
DA:68,0
DA:70,0
DA:76,1
DA:81,1
LF:23
LH:21
BRDA:55,0,0,1
BRDA:55,0,1,1
BRDA:55,0,2,1
BRDA:55,0,3,1
BRDA:60,1,0,0
BRDA:60,1,1,1
BRDA:66,2,0,0
BRDA:76,3,0,0
BRF:8
BRH:5
end_of_record
